0 info it worked if it ends with ok
1 verbose cli [ 'C:\\Program Files\\nodejs\\\\node.exe',
1 verbose cli   'C:\\Program Files\\nodejs\\node_modules\\npm\\bin\\npm-cli.js',
1 verbose cli   'install',
1 verbose cli   '-g',
1 verbose cli   'node-foreman' ]
2 info using npm@1.4.28
3 info using node@v0.10.33
4 verbose node symlink C:\Program Files\nodejs\\node.exe
5 verbose cache add [ 'node-foreman', null ]
6 verbose cache add name=undefined spec="node-foreman" args=["node-foreman",null]
7 verbose parsed url { protocol: null,
7 verbose parsed url   slashes: null,
7 verbose parsed url   auth: null,
7 verbose parsed url   host: null,
7 verbose parsed url   port: null,
7 verbose parsed url   hostname: null,
7 verbose parsed url   hash: null,
7 verbose parsed url   search: null,
7 verbose parsed url   query: null,
7 verbose parsed url   pathname: 'node-foreman',
7 verbose parsed url   path: 'node-foreman',
7 verbose parsed url   href: 'node-foreman' }
8 silly lockFile 332b33ea-node-foreman node-foreman
9 verbose lock node-foreman C:\Users\mmuenster\AppData\Roaming\npm-cache\332b33ea-node-foreman.lock
10 silly lockFile 332b33ea-node-foreman node-foreman
11 silly lockFile 332b33ea-node-foreman node-foreman
12 verbose addNamed [ 'node-foreman', '' ]
13 verbose addNamed [ null, '*' ]
14 silly lockFile a70f3c32-node-foreman node-foreman@
15 verbose lock node-foreman@ C:\Users\mmuenster\AppData\Roaming\npm-cache\a70f3c32-node-foreman.lock
16 silly addNameRange { name: 'node-foreman', range: '*', hasData: false }
17 verbose request where is /node-foreman
18 verbose request registry https://registry.npmjs.org/
19 verbose request id 6970fc6fedb1167d
20 verbose url raw /node-foreman
21 verbose url resolving [ 'https://registry.npmjs.org/', './node-foreman' ]
22 verbose url resolved https://registry.npmjs.org/node-foreman
23 verbose request where is https://registry.npmjs.org/node-foreman
24 info trying registry request attempt 1 at 10:16:18
25 http GET https://registry.npmjs.org/node-foreman
26 http 404 https://registry.npmjs.org/node-foreman
27 verbose headers { date: 'Mon, 16 Mar 2015 15:16:18 GMT',
27 verbose headers   server: 'CouchDB/1.5.0 (Erlang OTP/R16B03)',
27 verbose headers   'content-type': 'application/json',
27 verbose headers   'cache-control': 'max-age=0',
27 verbose headers   'content-length': '52',
27 verbose headers   'accept-ranges': 'bytes',
27 verbose headers   via: '1.1 varnish',
27 verbose headers   age: '0',
27 verbose headers   'x-served-by': 'cache-jfk1026-JFK',
27 verbose headers   'x-cache': 'MISS',
27 verbose headers   'x-cache-hits': '0',
27 verbose headers   'x-timer': 'S1426518978.347782,VS0,VE19',
27 verbose headers   'keep-alive': 'timeout=10, max=50',
27 verbose headers   connection: 'Keep-Alive' }
28 silly registry.get cb [ 404,
28 silly registry.get   { date: 'Mon, 16 Mar 2015 15:16:18 GMT',
28 silly registry.get     server: 'CouchDB/1.5.0 (Erlang OTP/R16B03)',
28 silly registry.get     'content-type': 'application/json',
28 silly registry.get     'cache-control': 'max-age=0',
28 silly registry.get     'content-length': '52',
28 silly registry.get     'accept-ranges': 'bytes',
28 silly registry.get     via: '1.1 varnish',
28 silly registry.get     age: '0',
28 silly registry.get     'x-served-by': 'cache-jfk1026-JFK',
28 silly registry.get     'x-cache': 'MISS',
28 silly registry.get     'x-cache-hits': '0',
28 silly registry.get     'x-timer': 'S1426518978.347782,VS0,VE19',
28 silly registry.get     'keep-alive': 'timeout=10, max=50',
28 silly registry.get     connection: 'Keep-Alive' } ]
29 silly lockFile a70f3c32-node-foreman node-foreman@
30 silly lockFile a70f3c32-node-foreman node-foreman@
31 error 404 404 Not Found: node-foreman
31 error 404
31 error 404 'node-foreman' is not in the npm registry.
31 error 404 You should bug the author to publish it
31 error 404
31 error 404 Maybe try 'npm search foreman'
31 error 404
31 error 404 Note that you can also install from a
31 error 404 tarball, folder, or http url, or git url.
32 error System Windows_NT 6.1.7601
33 error command "C:\\Program Files\\nodejs\\\\node.exe" "C:\\Program Files\\nodejs\\node_modules\\npm\\bin\\npm-cli.js" "install" "-g" "node-foreman"
34 error cwd C:\Users\mmuenster\www\pdfMake
35 error node -v v0.10.33
36 error npm -v 1.4.28
37 error code E404
38 verbose exit [ 1, true ]
